{"/Users/Q/Sites/helpscout/vcr/src/testHelpers.js": {"path":"/Users/Q/Sites/helpscout/vcr/src/testHelpers.js","statementMap":{"0":{"start":{"line":1,"column":23},"end":{"line":6,"column":1}},"1":{"start":{"line":3,"column":2},"end":{"line":3,"column":24}},"2":{"start":{"line":5,"column":2},"end":{"line":5,"column":30}}},"fnMap":{"0":{"name":"(anonymous_0)","decl":{"start":{"line":1,"column":23},"end":{"line":1,"column":24}},"loc":{"start":{"line":1,"column":29},"end":{"line":6,"column":1}},"line":1}},"branchMap":{},"s":{"0":1,"1":10,"2":10},"f":{"0":10},"b":{},"_coverageSchema":"332fd63041d2c1bcb487cc26dd0d5f7d97098a6c","hash":"030206ab26e433a8f13b9272060b67880c70ef93"}
,"/Users/Q/Sites/helpscout/vcr/src/utilities.js": {"path":"/Users/Q/Sites/helpscout/vcr/src/utilities.js","statementMap":{"0":{"start":{"line":5,"column":24},"end":{"line":7,"column":1}},"1":{"start":{"line":6,"column":2},"end":{"line":6,"column":35}}},"fnMap":{"0":{"name":"(anonymous_0)","decl":{"start":{"line":5,"column":24},"end":{"line":5,"column":25}},"loc":{"start":{"line":5,"column":68},"end":{"line":7,"column":1}},"line":5}},"branchMap":{},"s":{"0":1,"1":4},"f":{"0":4},"b":{},"_coverageSchema":"332fd63041d2c1bcb487cc26dd0d5f7d97098a6c","hash":"76638f0836978c8c560f41b2d583a441e30f89a0"}
,"/Users/Q/Sites/helpscout/vcr/src/integrations/Integration.js": {"path":"/Users/Q/Sites/helpscout/vcr/src/integrations/Integration.js","statementMap":{"0":{"start":{"line":8,"column":4},"end":{"line":8,"column":26}},"1":{"start":{"line":13,"column":4},"end":{"line":13,"column":22}},"2":{"start":{"line":14,"column":4},"end":{"line":14,"column":21}},"3":{"start":{"line":18,"column":4},"end":{"line":18,"column":25}},"4":{"start":{"line":19,"column":4},"end":{"line":19,"column":24}},"5":{"start":{"line":23,"column":4},"end":{"line":23,"column":21}}},"fnMap":{"0":{"name":"(anonymous_0)","decl":{"start":{"line":7,"column":2},"end":{"line":7,"column":3}},"loc":{"start":{"line":7,"column":17},"end":{"line":9,"column":3}},"line":7},"1":{"name":"(anonymous_1)","decl":{"start":{"line":12,"column":2},"end":{"line":12,"column":3}},"loc":{"start":{"line":12,"column":19},"end":{"line":15,"column":3}},"line":12},"2":{"name":"(anonymous_2)","decl":{"start":{"line":17,"column":2},"end":{"line":17,"column":3}},"loc":{"start":{"line":17,"column":22},"end":{"line":20,"column":3}},"line":17},"3":{"name":"(anonymous_3)","decl":{"start":{"line":22,"column":2},"end":{"line":22,"column":3}},"loc":{"start":{"line":22,"column":19},"end":{"line":24,"column":3}},"line":22},"4":{"name":"(anonymous_4)","decl":{"start":{"line":40,"column":2},"end":{"line":40,"column":3}},"loc":{"start":{"line":40,"column":25},"end":{"line":40,"column":27}},"line":40},"5":{"name":"(anonymous_5)","decl":{"start":{"line":41,"column":2},"end":{"line":41,"column":3}},"loc":{"start":{"line":41,"column":28},"end":{"line":41,"column":30}},"line":41}},"branchMap":{},"s":{"0":10,"1":0,"2":0,"3":0,"4":0,"5":0},"f":{"0":10,"1":0,"2":0,"3":0,"4":0,"5":0},"b":{},"_coverageSchema":"332fd63041d2c1bcb487cc26dd0d5f7d97098a6c","hash":"ebdb36df28a79570f27036bdc9f62dc935f8ae84"}
,"/Users/Q/Sites/helpscout/vcr/src/integrations/Wistia.js": {"path":"/Users/Q/Sites/helpscout/vcr/src/integrations/Wistia.js","statementMap":{"0":{"start":{"line":7,"column":32},"end":{"line":7,"column":47}},"1":{"start":{"line":8,"column":33},"end":{"line":8,"column":82}},"2":{"start":{"line":12,"column":19},"end":{"line":12,"column":41}},"3":{"start":{"line":16,"column":4},"end":{"line":16,"column":41}},"4":{"start":{"line":20,"column":4},"end":{"line":20,"column":52}},"5":{"start":{"line":24,"column":4},"end":{"line":24,"column":38}},"6":{"start":{"line":24,"column":32},"end":{"line":24,"column":38}},"7":{"start":{"line":25,"column":25},"end":{"line":25,"column":57}},"8":{"start":{"line":26,"column":4},"end":{"line":26,"column":38}},"9":{"start":{"line":27,"column":4},"end":{"line":27,"column":41}},"10":{"start":{"line":28,"column":4},"end":{"line":28,"column":40}},"11":{"start":{"line":29,"column":4},"end":{"line":29,"column":29}},"12":{"start":{"line":31,"column":4},"end":{"line":31,"column":43}},"13":{"start":{"line":36,"column":4},"end":{"line":36,"column":33}},"14":{"start":{"line":38,"column":4},"end":{"line":38,"column":24}},"15":{"start":{"line":42,"column":4},"end":{"line":42,"column":21}},"16":{"start":{"line":42,"column":15},"end":{"line":42,"column":21}},"17":{"start":{"line":43,"column":22},"end":{"line":43,"column":48}},"18":{"start":{"line":44,"column":20},"end":{"line":45,"column":67}},"19":{"start":{"line":45,"column":27},"end":{"line":45,"column":63}},"20":{"start":{"line":47,"column":4},"end":{"line":47,"column":24}},"21":{"start":{"line":47,"column":18},"end":{"line":47,"column":24}},"22":{"start":{"line":48,"column":15},"end":{"line":48,"column":51}},"23":{"start":{"line":50,"column":4},"end":{"line":50,"column":16}},"24":{"start":{"line":55,"column":4},"end":{"line":55,"column":36}},"25":{"start":{"line":55,"column":30},"end":{"line":55,"column":36}},"26":{"start":{"line":56,"column":19},"end":{"line":56,"column":39}},"27":{"start":{"line":57,"column":15},"end":{"line":57,"column":40}},"28":{"start":{"line":59,"column":4},"end":{"line":59,"column":16}},"29":{"start":{"line":63,"column":4},"end":{"line":63,"column":62}},"30":{"start":{"line":63,"column":56},"end":{"line":63,"column":62}},"31":{"start":{"line":64,"column":4},"end":{"line":64,"column":41}},"32":{"start":{"line":68,"column":4},"end":{"line":68,"column":72}},"33":{"start":{"line":68,"column":66},"end":{"line":68,"column":72}},"34":{"start":{"line":69,"column":4},"end":{"line":69,"column":41}},"35":{"start":{"line":73,"column":20},"end":{"line":78,"column":5}},"36":{"start":{"line":76,"column":8},"end":{"line":76,"column":49}},"37":{"start":{"line":79,"column":18},"end":{"line":79,"column":71}},"38":{"start":{"line":80,"column":19},"end":{"line":80,"column":75}},"39":{"start":{"line":82,"column":4},"end":{"line":84,"column":5}},"40":{"start":{"line":83,"column":6},"end":{"line":83,"column":25}},"41":{"start":{"line":86,"column":4},"end":{"line":89,"column":6}},"42":{"start":{"line":87,"column":6},"end":{"line":87,"column":37}},"43":{"start":{"line":88,"column":6},"end":{"line":88,"column":37}},"44":{"start":{"line":91,"column":4},"end":{"line":91,"column":55}},"45":{"start":{"line":91,"column":28},"end":{"line":91,"column":52}},"46":{"start":{"line":92,"column":4},"end":{"line":92,"column":59}},"47":{"start":{"line":92,"column":30},"end":{"line":92,"column":56}}},"fnMap":{"0":{"name":"(anonymous_0)","decl":{"start":{"line":11,"column":2},"end":{"line":11,"column":3}},"loc":{"start":{"line":11,"column":12},"end":{"line":17,"column":3}},"line":11},"1":{"name":"(anonymous_1)","decl":{"start":{"line":19,"column":2},"end":{"line":19,"column":3}},"loc":{"start":{"line":19,"column":34},"end":{"line":21,"column":3}},"line":19},"2":{"name":"(anonymous_2)","decl":{"start":{"line":23,"column":2},"end":{"line":23,"column":3}},"loc":{"start":{"line":23,"column":17},"end":{"line":32,"column":3}},"line":23},"3":{"name":"(anonymous_3)","decl":{"start":{"line":34,"column":2},"end":{"line":34,"column":3}},"loc":{"start":{"line":34,"column":24},"end":{"line":39,"column":3}},"line":34},"4":{"name":"(anonymous_4)","decl":{"start":{"line":41,"column":2},"end":{"line":41,"column":3}},"loc":{"start":{"line":41,"column":35},"end":{"line":51,"column":3}},"line":41},"5":{"name":"(anonymous_5)","decl":{"start":{"line":45,"column":14},"end":{"line":45,"column":15}},"loc":{"start":{"line":45,"column":27},"end":{"line":45,"column":63}},"line":45},"6":{"name":"(anonymous_6)","decl":{"start":{"line":53,"column":2},"end":{"line":53,"column":3}},"loc":{"start":{"line":53,"column":37},"end":{"line":60,"column":3}},"line":53},"7":{"name":"(anonymous_7)","decl":{"start":{"line":62,"column":2},"end":{"line":62,"column":3}},"loc":{"start":{"line":62,"column":37},"end":{"line":65,"column":3}},"line":62},"8":{"name":"(anonymous_8)","decl":{"start":{"line":67,"column":2},"end":{"line":67,"column":3}},"loc":{"start":{"line":67,"column":37},"end":{"line":70,"column":3}},"line":67},"9":{"name":"(anonymous_9)","decl":{"start":{"line":72,"column":2},"end":{"line":72,"column":3}},"loc":{"start":{"line":72,"column":27},"end":{"line":93,"column":3}},"line":72},"10":{"name":"(anonymous_10)","decl":{"start":{"line":74,"column":6},"end":{"line":74,"column":7}},"loc":{"start":{"line":74,"column":16},"end":{"line":77,"column":7}},"line":74},"11":{"name":"(anonymous_11)","decl":{"start":{"line":86,"column":20},"end":{"line":86,"column":21}},"loc":{"start":{"line":86,"column":30},"end":{"line":89,"column":5}},"line":86},"12":{"name":"(anonymous_12)","decl":{"start":{"line":91,"column":18},"end":{"line":91,"column":19}},"loc":{"start":{"line":91,"column":26},"end":{"line":91,"column":54}},"line":91},"13":{"name":"(anonymous_13)","decl":{"start":{"line":92,"column":19},"end":{"line":92,"column":20}},"loc":{"start":{"line":92,"column":28},"end":{"line":92,"column":58}},"line":92}},"branchMap":{"0":{"loc":{"start":{"line":24,"column":4},"end":{"line":24,"column":38}},"type":"if","locations":[{"start":{"line":24,"column":4},"end":{"line":24,"column":38}},{"start":{"line":24,"column":4},"end":{"line":24,"column":38}}],"line":24},"1":{"loc":{"start":{"line":36,"column":17},"end":{"line":36,"column":33}},"type":"binary-expr","locations":[{"start":{"line":36,"column":17},"end":{"line":36,"column":27}},{"start":{"line":36,"column":31},"end":{"line":36,"column":33}}],"line":36},"2":{"loc":{"start":{"line":42,"column":4},"end":{"line":42,"column":21}},"type":"if","locations":[{"start":{"line":42,"column":4},"end":{"line":42,"column":21}},{"start":{"line":42,"column":4},"end":{"line":42,"column":21}}],"line":42},"3":{"loc":{"start":{"line":47,"column":4},"end":{"line":47,"column":24}},"type":"if","locations":[{"start":{"line":47,"column":4},"end":{"line":47,"column":24}},{"start":{"line":47,"column":4},"end":{"line":47,"column":24}}],"line":47},"4":{"loc":{"start":{"line":55,"column":4},"end":{"line":55,"column":36}},"type":"if","locations":[{"start":{"line":55,"column":4},"end":{"line":55,"column":36}},{"start":{"line":55,"column":4},"end":{"line":55,"column":36}}],"line":55},"5":{"loc":{"start":{"line":55,"column":8},"end":{"line":55,"column":28}},"type":"binary-expr","locations":[{"start":{"line":55,"column":8},"end":{"line":55,"column":14}},{"start":{"line":55,"column":18},"end":{"line":55,"column":28}}],"line":55},"6":{"loc":{"start":{"line":63,"column":4},"end":{"line":63,"column":62}},"type":"if","locations":[{"start":{"line":63,"column":4},"end":{"line":63,"column":62}},{"start":{"line":63,"column":4},"end":{"line":63,"column":62}}],"line":63},"7":{"loc":{"start":{"line":63,"column":8},"end":{"line":63,"column":54}},"type":"binary-expr","locations":[{"start":{"line":63,"column":8},"end":{"line":63,"column":19}},{"start":{"line":63,"column":23},"end":{"line":63,"column":54}}],"line":63},"8":{"loc":{"start":{"line":68,"column":4},"end":{"line":68,"column":72}},"type":"if","locations":[{"start":{"line":68,"column":4},"end":{"line":68,"column":72}},{"start":{"line":68,"column":4},"end":{"line":68,"column":72}}],"line":68},"9":{"loc":{"start":{"line":68,"column":8},"end":{"line":68,"column":64}},"type":"binary-expr","locations":[{"start":{"line":68,"column":8},"end":{"line":68,"column":19}},{"start":{"line":68,"column":23},"end":{"line":68,"column":64}}],"line":68},"10":{"loc":{"start":{"line":82,"column":4},"end":{"line":84,"column":5}},"type":"if","locations":[{"start":{"line":82,"column":4},"end":{"line":84,"column":5}},{"start":{"line":82,"column":4},"end":{"line":84,"column":5}}],"line":82}},"s":{"0":1,"1":1,"2":1,"3":1,"4":7,"5":6,"6":3,"7":3,"8":3,"9":3,"10":3,"11":3,"12":3,"13":0,"14":0,"15":3,"16":1,"17":2,"18":2,"19":4,"20":2,"21":1,"22":1,"23":1,"24":3,"25":2,"26":1,"27":1,"28":1,"29":0,"30":0,"31":0,"32":0,"33":0,"34":0,"35":0,"36":0,"37":0,"38":0,"39":0,"40":0,"41":0,"42":0,"43":0,"44":0,"45":0,"46":0,"47":0},"f":{"0":1,"1":7,"2":6,"3":0,"4":3,"5":4,"6":3,"7":0,"8":0,"9":0,"10":0,"11":0,"12":0,"13":0},"b":{"0":[3,3],"1":[0,0],"2":[1,2],"3":[1,1],"4":[2,1],"5":[3,2],"6":[0,0],"7":[0,0],"8":[0,0],"9":[0,0],"10":[0,0]},"_coverageSchema":"332fd63041d2c1bcb487cc26dd0d5f7d97098a6c","hash":"a423e689ef5ac6952605caa8cef50fc41cd1067a"}
}
